C:\USERS\CAMPBELL\DOCUMENTS\VISUAL STUDIO 2012\PROJECTS\LLVM\LLVM\DEBUG\LEXICALANALYSIS.OBJ
C:\USERS\CAMPBELL\DOCUMENTS\VISUAL STUDIO 2012\PROJECTS\LLVM\LLVM\DEBUG\MAIN.OBJ
C:\USERS\CAMPBELL\DOCUMENTS\VISUAL STUDIO 2012\PROJECTS\LLVM\LLVM\DEBUG\VC110.PDB
C:\USERS\CAMPBELL\DOCUMENTS\VISUAL STUDIO 2012\PROJECTS\LLVM\DEBUG\LLVM.ILK
C:\USERS\CAMPBELL\DOCUMENTS\VISUAL STUDIO 2012\PROJECTS\LLVM\DEBUG\LLVM.EXE
C:\USERS\CAMPBELL\DOCUMENTS\VISUAL STUDIO 2012\PROJECTS\LLVM\DEBUG\LLVM.PDB
C:\Users\Campbell\Documents\Visual Studio 2012\Projects\LLVM\LLVM\Debug\LexicalAnalysis.obj
C:\Users\Campbell\Documents\Visual Studio 2012\Projects\LLVM\LLVM\Debug\Main.obj
C:\Users\Campbell\Documents\Visual Studio 2012\Projects\LLVM\LLVM\Debug\cl.command.1.tlog
C:\Users\Campbell\Documents\Visual Studio 2012\Projects\LLVM\LLVM\Debug\CL.read.1.tlog
C:\Users\Campbell\Documents\Visual Studio 2012\Projects\LLVM\LLVM\Debug\CL.write.1.tlog
C:\Users\Campbell\Documents\Visual Studio 2012\Projects\LLVM\LLVM\Debug\link-cvtres.read.1.tlog
C:\Users\Campbell\Documents\Visual Studio 2012\Projects\LLVM\LLVM\Debug\link-cvtres.write.1.tlog
C:\Users\Campbell\Documents\Visual Studio 2012\Projects\LLVM\LLVM\Debug\link-rc.read.1.tlog
C:\Users\Campbell\Documents\Visual Studio 2012\Projects\LLVM\LLVM\Debug\link-rc.write.1.tlog
C:\Users\Campbell\Documents\Visual Studio 2012\Projects\LLVM\LLVM\Debug\link.command.1.tlog
C:\Users\Campbell\Documents\Visual Studio 2012\Projects\LLVM\LLVM\Debug\link.read.1.tlog
C:\Users\Campbell\Documents\Visual Studio 2012\Projects\LLVM\LLVM\Debug\link.write.1.tlog
C:\Users\Campbell\Documents\Visual Studio 2012\Projects\LLVM\LLVM\Debug\vc110.idb
C:\Users\Campbell\Documents\Visual Studio 2012\Projects\LLVM\LLVM\Debug\vc110.pdb
C:\Users\Campbell\Documents\Visual Studio 2012\Projects\LLVM\Debug\LLVM.pdb
C:\Users\Campbell\Documents\Visual Studio 2012\Projects\LLVM\Debug\LLVM.exe
C:\Users\Campbell\Documents\Visual Studio 2012\Projects\LLVM\Debug\LLVM.ilk
